[0m13:27:07.914254 [debug] [MainThread]: Sending event: {'category': 'dbt', 'action': 'invocation', 'label': 'start', 'context': [<snowplow_tracker.self_describing_json.SelfDescribingJson object at 0x0000017272B38490>, <snowplow_tracker.self_describing_json.SelfDescribingJson object at 0x000001727285B1D0>, <snowplow_tracker.self_describing_json.SelfDescribingJson object at 0x000001727285AED0>]}


============================== 13:27:07.930357 | 57de1bb1-15ee-4060-8999-13a5f6feabc2 ==============================
[0m13:27:07.930357 [info ] [MainThread]: Running with dbt=1.10.13
[0m13:27:07.931821 [debug] [MainThread]: running dbt with arguments {'printer_width': '80', 'invocation_command': 'dbt init', 'log_format': 'default', 'profiles_dir': 'C:\\Users\\jiyou\\.dbt', 'write_json': 'True', 'warn_error': 'None', 'indirect_selection': 'eager', 'partial_parse': 'True', 'log_path': 'logs', 'send_anonymous_usage_stats': 'True', 'static_parser': 'True', 'warn_error_options': 'WarnErrorOptionsV2(error=[], warn=[], silence=[])', 'fail_fast': 'False', 'version_check': 'True', 'use_experimental_parser': 'False', 'introspect': 'True', 'quiet': 'False', 'empty': 'None', 'log_cache_events': 'False', 'debug': 'False', 'no_print': 'None', 'use_colors': 'True', 'cache_selected_only': 'False', 'target_path': 'None'}
[0m13:27:08.121733 [info ] [MainThread]: Creating dbt configuration folder at C:\Users\jiyou\.dbt
[0m13:27:23.585802 [debug] [MainThread]: Starter project path: C:\Users\jiyou\Desktop\CodeZero\venv\Lib\site-packages\dbt\include\starter_project
[0m13:27:23.768494 [info ] [MainThread]: 
Your new dbt project "analytics_pipeline" was created!

For more information on how to configure the profiles.yml file,
please consult the dbt documentation here:

  https://docs.getdbt.com/docs/configure-your-profile

One more thing:

Need help? Don't hesitate to reach out to us via GitHub issues or on Slack:

  https://community.getdbt.com/

Happy modeling!

[0m13:27:23.770655 [info ] [MainThread]: Setting up your profile.
[0m13:46:07.036364 [info ] [MainThread]: Profile analytics_pipeline written to C:\Users\jiyou\.dbt\profiles.yml using target's profile_template.yml and your supplied values. Run 'dbt debug' to validate the connection.
[0m13:46:07.039516 [debug] [MainThread]: Command `dbt init` succeeded at 13:46:07.039516 after 1139.24 seconds
[0m13:46:07.040536 [debug] [MainThread]: Sending event: {'category': 'dbt', 'action': 'invocation', 'label': 'end', 'context': [<snowplow_tracker.self_describing_json.SelfDescribingJson object at 0x0000017272AC5310>, <snowplow_tracker.self_describing_json.SelfDescribingJson object at 0x000001727277CA10>, <snowplow_tracker.self_describing_json.SelfDescribingJson object at 0x000001726DA1F7D0>]}
[0m13:46:07.040536 [debug] [MainThread]: Flushing usage events
[0m13:46:07.996541 [debug] [MainThread]: An error was encountered while trying to flush usage events
[0m13:57:25.632131 [debug] [MainThread]: Sending event: {'category': 'dbt', 'action': 'invocation', 'label': 'start', 'context': [<snowplow_tracker.self_describing_json.SelfDescribingJson object at 0x00000281C07A4050>, <snowplow_tracker.self_describing_json.SelfDescribingJson object at 0x00000281C080D810>, <snowplow_tracker.self_describing_json.SelfDescribingJson object at 0x00000281C080F8D0>]}


============================== 13:57:25.636832 | d4157dd8-c7e6-433d-aa45-5f38c12ff2b9 ==============================
[0m13:57:25.636832 [info ] [MainThread]: Running with dbt=1.10.13
[0m13:57:25.637867 [debug] [MainThread]: running dbt with arguments {'write_json': 'True', 'invocation_command': 'dbt debug', 'cache_selected_only': 'False', 'no_print': 'None', 'profiles_dir': 'C:\\Users\\jiyou\\.dbt', 'warn_error': 'None', 'indirect_selection': 'eager', 'partial_parse': 'True', 'log_path': 'logs', 'send_anonymous_usage_stats': 'True', 'static_parser': 'True', 'warn_error_options': 'WarnErrorOptionsV2(error=[], warn=[], silence=[])', 'fail_fast': 'False', 'use_experimental_parser': 'False', 'version_check': 'True', 'quiet': 'False', 'introspect': 'True', 'empty': 'None', 'log_cache_events': 'False', 'debug': 'False', 'log_format': 'default', 'use_colors': 'True', 'printer_width': '80', 'target_path': 'None'}
[0m13:57:25.682904 [info ] [MainThread]: dbt version: 1.10.13
[0m13:57:25.684044 [info ] [MainThread]: python version: 3.11.9
[0m13:57:25.685349 [info ] [MainThread]: python path: C:\Users\jiyou\Desktop\CodeZero\venv\Scripts\python.exe
[0m13:57:25.686377 [info ] [MainThread]: os info: Windows-10-10.0.26100-SP0
[0m13:57:30.506758 [info ] [MainThread]: Using profiles dir at C:\Users\jiyou\.dbt
[0m13:57:30.507757 [info ] [MainThread]: Using profiles.yml file at C:\Users\jiyou\.dbt\profiles.yml
[0m13:57:30.508818 [info ] [MainThread]: Using dbt_project.yml file at C:\Users\jiyou\Desktop\analytics-pipeline-project\dbt_project.yml
[0m13:57:30.509967 [info ] [MainThread]: adapter type: bigquery
[0m13:57:30.511449 [info ] [MainThread]: adapter version: 1.10.2
[0m13:57:30.511449 [info ] [MainThread]: Configuration:
[0m13:57:30.512592 [info ] [MainThread]:   profiles.yml file [[32mOK found and valid[0m]
[0m13:57:30.512592 [info ] [MainThread]:   dbt_project.yml file [[31mERROR not found[0m]
[0m13:57:30.513818 [info ] [MainThread]: Required dependencies:
[0m13:57:30.514898 [debug] [MainThread]: Executing "git --help"
[0m13:57:30.588120 [debug] [MainThread]: STDOUT: "b"usage: git [-v | --version] [-h | --help] [-C <path>] [-c <name>=<value>]\n           [--exec-path[=<path>]] [--html-path] [--man-path] [--info-path]\n           [-p | --paginate | -P | --no-pager] [--no-replace-objects] [--no-lazy-fetch]\n           [--no-optional-locks] [--no-advice] [--bare] [--git-dir=<path>]\n           [--work-tree=<path>] [--namespace=<name>] [--config-env=<name>=<envvar>]\n           <command> [<args>]\n\nThese are common Git commands used in various situations:\n\nstart a working area (see also: git help tutorial)\n   clone      Clone a repository into a new directory\n   init       Create an empty Git repository or reinitialize an existing one\n\nwork on the current change (see also: git help everyday)\n   add        Add file contents to the index\n   mv         Move or rename a file, a directory, or a symlink\n   restore    Restore working tree files\n   rm         Remove files from the working tree and from the index\n\nexamine the history and state (see also: git help revisions)\n   bisect     Use binary search to find the commit that introduced a bug\n   diff       Show changes between commits, commit and working tree, etc\n   grep       Print lines matching a pattern\n   log        Show commit logs\n   show       Show various types of objects\n   status     Show the working tree status\n\ngrow, mark and tweak your common history\n   backfill   Download missing objects in a partial clone\n   branch     List, create, or delete branches\n   commit     Record changes to the repository\n   merge      Join two or more development histories together\n   rebase     Reapply commits on top of another base tip\n   reset      Reset current HEAD to the specified state\n   switch     Switch branches\n   tag        Create, list, delete or verify a tag object signed with GPG\n\ncollaborate (see also: git help workflows)\n   fetch      Download objects and refs from another repository\n   pull       Fetch from and integrate with another repository or a local branch\n   push       Update remote refs along with associated objects\n\n'git help -a' and 'git help -g' list available subcommands and some\nconcept guides. See 'git help <command>' or 'git help <concept>'\nto read about a specific subcommand or concept.\nSee 'git help git' for an overview of the system.\n""
[0m13:57:30.589632 [debug] [MainThread]: STDERR: "b''"
[0m13:57:30.589632 [info ] [MainThread]:  - git [[32mOK found[0m]

[0m13:57:30.591659 [info ] [MainThread]: Connection:
[0m13:57:30.591659 [info ] [MainThread]:   method: oauth
[0m13:57:30.592665 [info ] [MainThread]:   database: silver-seat-345206
[0m13:57:30.593669 [info ] [MainThread]:   execution_project: silver-seat-345206
[0m13:57:30.594673 [info ] [MainThread]:   schema: analytics
[0m13:57:30.594673 [info ] [MainThread]:   location: US
[0m13:57:30.595676 [info ] [MainThread]:   priority: interactive
[0m13:57:30.596680 [info ] [MainThread]:   maximum_bytes_billed: None
[0m13:57:30.597684 [info ] [MainThread]:   impersonate_service_account: None
[0m13:57:30.599121 [info ] [MainThread]:   job_retry_deadline_seconds: None
[0m13:57:30.601135 [info ] [MainThread]:   job_retries: 1
[0m13:57:30.601135 [info ] [MainThread]:   job_creation_timeout_seconds: None
[0m13:57:30.603146 [info ] [MainThread]:   job_execution_timeout_seconds: 300
[0m13:57:30.604409 [info ] [MainThread]:   timeout_seconds: 300
[0m13:57:30.605409 [info ] [MainThread]:   client_id: None
[0m13:57:30.606637 [info ] [MainThread]:   token_uri: None
[0m13:57:30.608661 [info ] [MainThread]:   compute_region: None
[0m13:57:30.609688 [info ] [MainThread]:   dataproc_cluster_name: None
[0m13:57:30.611796 [info ] [MainThread]:   gcs_bucket: None
[0m13:57:30.612812 [info ] [MainThread]:   dataproc_batch: None
[0m13:57:30.615200 [info ] [MainThread]: Registered adapter: bigquery=1.10.2
[0m13:57:31.726777 [debug] [MainThread]: Acquiring new bigquery connection 'debug'
[0m13:57:31.727792 [debug] [MainThread]: On debug: select 1 as id
[0m13:57:31.728829 [debug] [MainThread]: Opening a new connection, currently in state init
[0m13:57:43.871960 [debug] [MainThread]: BigQuery adapter: Got an error when attempting to create a bigquery " "client: 'Runtime Error
  Failed to authenticate with supplied credentials
  error:
  Your default credentials were not found. To set up Application Default Credentials, see https://cloud.google.com/docs/authentication/external/set-up-adc for more information.'
[0m13:57:43.875290 [debug] [MainThread]: BigQuery adapter: Unhandled error while running:
select 1 as id
[0m13:57:43.876288 [debug] [MainThread]: BigQuery adapter: Database Error
  Runtime Error
    Failed to authenticate with supplied credentials
    error:
    Your default credentials were not found. To set up Application Default Credentials, see https://cloud.google.com/docs/authentication/external/set-up-adc for more information.
[0m13:57:43.877289 [info ] [MainThread]:   Connection test: [[31mERROR[0m]

[0m13:57:43.879632 [info ] [MainThread]: [31m2 checks failed:[0m
[0m13:57:43.880713 [info ] [MainThread]: Project loading failed for the following reason:
 project path <C:\Users\jiyou\Desktop\analytics-pipeline-project\dbt_project.yml> not found

[0m13:57:43.882025 [info ] [MainThread]: dbt was unable to connect to the specified database.
The database returned the following error:

  >'NoneType' object has no attribute 'close'

Check your database credentials and try again. For more information, visit:
https://docs.getdbt.com/docs/configure-your-profile


[0m13:57:43.885820 [debug] [MainThread]: Command `dbt debug` failed at 13:57:43.885820 after 18.41 seconds
[0m13:57:43.887884 [debug] [MainThread]: Sending event: {'category': 'dbt', 'action': 'invocation', 'label': 'end', 'context': [<snowplow_tracker.self_describing_json.SelfDescribingJson object at 0x00000281C080F710>, <snowplow_tracker.self_describing_json.SelfDescribingJson object at 0x00000281BA6DFA90>, <snowplow_tracker.self_describing_json.SelfDescribingJson object at 0x00000281BA6DF750>]}
[0m13:57:43.889067 [debug] [MainThread]: Flushing usage events
[0m13:57:45.176105 [debug] [MainThread]: An error was encountered while trying to flush usage events
[0m21:13:32.738700 [debug] [MainThread]: Sending event: {'category': 'dbt', 'action': 'invocation', 'label': 'start', 'context': [<snowplow_tracker.self_describing_json.SelfDescribingJson object at 0x000001CF08869CD0>, <snowplow_tracker.self_describing_json.SelfDescribingJson object at 0x000001CF0CC0B490>, <snowplow_tracker.self_describing_json.SelfDescribingJson object at 0x000001CF0CC0BF90>]}


============================== 21:13:32.758110 | 781fe69d-9c4d-45a5-818c-507c095b4477 ==============================
[0m21:13:32.758110 [info ] [MainThread]: Running with dbt=1.10.13
[0m21:13:32.759351 [debug] [MainThread]: running dbt with arguments {'cache_selected_only': 'False', 'target_path': 'None', 'invocation_command': 'dbt test', 'log_format': 'default', 'profiles_dir': 'C:\\Users\\jiyou\\.dbt', 'warn_error': 'None', 'indirect_selection': 'eager', 'fail_fast': 'False', 'static_parser': 'True', 'send_anonymous_usage_stats': 'True', 'partial_parse': 'True', 'warn_error_options': 'WarnErrorOptionsV2(error=[], warn=[], silence=[])', 'log_path': 'logs', 'version_check': 'True', 'use_experimental_parser': 'False', 'introspect': 'True', 'quiet': 'False', 'empty': 'None', 'log_cache_events': 'False', 'debug': 'False', 'no_print': 'None', 'use_colors': 'True', 'printer_width': '80', 'write_json': 'True'}
[0m21:13:32.760358 [error] [MainThread]: Encountered an error:
Runtime Error
  No dbt_project.yml found at expected path C:\Users\jiyou\Desktop\analytics-pipeline-project\dbt_project.yml
  Verify that each entry within packages.yml (and their transitive dependencies) contains a file named dbt_project.yml
  
[0m21:13:32.762432 [debug] [MainThread]: Command `dbt test` failed at 21:13:32.761432 after 0.16 seconds
[0m21:13:32.762432 [debug] [MainThread]: Sending event: {'category': 'dbt', 'action': 'invocation', 'label': 'end', 'context': [<snowplow_tracker.self_describing_json.SelfDescribingJson object at 0x000001CF06B796D0>, <snowplow_tracker.self_describing_json.SelfDescribingJson object at 0x000001CF06A1FA90>, <snowplow_tracker.self_describing_json.SelfDescribingJson object at 0x000001CF0CBA39D0>]}
[0m21:13:32.763431 [debug] [MainThread]: Flushing usage events
[0m21:13:33.636214 [debug] [MainThread]: An error was encountered while trying to flush usage events
